<?xml version="1.0" encoding="UTF-8"?>
<testng-results ignored="0" total="1" passed="1" failed="0" skipped="0">
  <reporter-output>
  </reporter-output>
  <suite started-at="2020-10-18T23:28:22 IST" name="Default suite" finished-at="2020-10-18T23:28:48 IST" duration-ms="26329">
    <groups>
    </groups>
    <test started-at="2020-10-18T23:28:22 IST" name="Default test" finished-at="2020-10-18T23:28:48 IST" duration-ms="26329">
      <class name="awsproject.awsproject">
        <test-method is-config="true" signature="starttest()[pri:0, instance:awsproject.awsproject@5552768b]" started-at="2020-10-18T23:28:22 IST" name="starttest" finished-at="2020-10-18T23:28:30 IST" duration-ms="8703" status="PASS">
          <reporter-output>
          </reporter-output>
        </test-method> <!-- starttest -->
        <test-method signature="githubTesting()[pri:0, instance:awsproject.awsproject@5552768b]" started-at="2020-10-18T23:28:30 IST" name="githubTesting" finished-at="2020-10-18T23:28:48 IST" duration-ms="17565" status="PASS">
          <reporter-output>
          </reporter-output>
        </test-method> <!-- githubTesting -->
      </class> <!-- awsproject.awsproject -->
    </test> <!-- Default test -->
  </suite> <!-- Default suite -->
</testng-results>
