<?xml version="1.0" encoding="UTF-8"?>
<testng-results ignored="0" total="1" passed="1" failed="0" skipped="0">
  <reporter-output>
  </reporter-output>
  <suite started-at="2020-10-17T17:55:00 IST" name="Default suite" finished-at="2020-10-17T17:55:53 IST" duration-ms="53219">
    <groups>
    </groups>
    <test started-at="2020-10-17T17:55:00 IST" name="Default test" finished-at="2020-10-17T17:55:53 IST" duration-ms="53219">
      <class name="demoextent.demoextentproject">
        <test-method is-config="true" signature="starttest()[pri:0, instance:demoextent.demoextentproject@5552768b]" started-at="2020-10-17T17:55:00 IST" name="starttest" finished-at="2020-10-17T17:55:24 IST" duration-ms="24105" status="PASS">
          <reporter-output>
          </reporter-output>
        </test-method> <!-- starttest -->
        <test-method signature="githubTesting()[pri:0, instance:demoextent.demoextentproject@5552768b]" started-at="2020-10-17T17:55:24 IST" name="githubTesting" finished-at="2020-10-17T17:55:53 IST" duration-ms="29070" status="PASS">
          <reporter-output>
          </reporter-output>
        </test-method> <!-- githubTesting -->
      </class> <!-- demoextent.demoextentproject -->
    </test> <!-- Default test -->
  </suite> <!-- Default suite -->
</testng-results>
