<?xml version="1.0" encoding="UTF-8"?>
<testng-results ignored="0" total="1" passed="1" failed="0" skipped="0">
  <reporter-output>
  </reporter-output>
  <suite started-at="2020-10-17T14:25:30 IST" name="Default suite" finished-at="2020-10-17T14:26:34 IST" duration-ms="63752">
    <groups>
    </groups>
    <test started-at="2020-10-17T14:25:30 IST" name="Default test" finished-at="2020-10-17T14:26:34 IST" duration-ms="63752">
      <class name="extentdemo.extentdemo">
        <test-method is-config="true" signature="starttest()[pri:0, instance:extentdemo.extentdemo@5552768b]" started-at="2020-10-17T14:25:30 IST" name="starttest" finished-at="2020-10-17T14:25:53 IST" duration-ms="22787" status="PASS">
          <reporter-output>
          </reporter-output>
        </test-method> <!-- starttest -->
        <test-method signature="githubTesting()[pri:0, instance:extentdemo.extentdemo@5552768b]" started-at="2020-10-17T14:25:53 IST" name="githubTesting" finished-at="2020-10-17T14:26:34 IST" duration-ms="40890" status="PASS">
          <reporter-output>
          </reporter-output>
        </test-method> <!-- githubTesting -->
      </class> <!-- extentdemo.extentdemo -->
    </test> <!-- Default test -->
  </suite> <!-- Default suite -->
</testng-results>
